<?xml version="1.0" encoding="UTF-8"?>
<robot generator="Robot 4.1.3 (Python 3.9.0 on darwin)" generated="20220407 09:28:18.293" rpa="false" schemaversion="2">
<suite id="s1" name="SystemSmokeTestAndroid" source="/Users/ivan.wize/Desktop/Projects/base-test-automation/Android/Test/System/SystemSmokeTestAndroid.robot">
<test id="s1-t1" name="Test Launch Trifecta Application">
<kw name="Open Application" library="AppiumLibrary">
<arg>remote_url=http://hub-cloud.browserstack.com/wd/hub</arg>
<arg>browserstack.user=tylerthomas6</arg>
<arg>browserstack.key=FQtVoY5xMMxVa9bh1c1Z</arg>
<arg>app=bs://a4d0becc184bdf02f991641ed71600aabbb2f8fa</arg>
<arg>device=Google Pixel 3</arg>
<arg>os_version=9.0</arg>
<arg>project=Android System Smoke Test</arg>
<arg>build=Android</arg>
<arg>name=Android_System_Smoke_Test</arg>
<arg>browserstack.idleTimeout=5</arg>
<doc>Opens a new application to given Appium server.
Capabilities of appium server, Android and iOS,
Please check https://github.com/appium/appium/blob/master/docs/en/writing-running-appium/server-args.md
| *Option*            | *Man.* | *Description*     |
| remote_url          | Yes    | Appium server url |
| alias               | no     | alias             |</doc>
<status status="PASS" starttime="20220407 09:28:18.413" endtime="20220407 09:28:40.693"/>
</kw>
<status status="PASS" starttime="20220407 09:28:18.413" endtime="20220407 09:28:40.693"/>
</test>
<test id="s1-t2" name="Test Sign In As Existing User Android">
<kw name="Sign In As Existing User Android" library="AuthenticationResourcesAndroid">
<kw name="Wait Until Element Is Visible" library="AppiumLibrary">
<arg>${getStartedBtnAndroid}</arg>
<arg>timeout=30</arg>
<doc>Waits until element specified with `locator` is visible.</doc>
<status status="PASS" starttime="20220407 09:28:40.694" endtime="20220407 09:28:42.832"/>
</kw>
<kw name="Click Element" library="AppiumLibrary">
<arg>${getStartedBtnAndroid}</arg>
<doc>Click element identified by `locator`.</doc>
<msg timestamp="20220407 09:28:42.834" level="INFO">Clicking element 'id=com.n_ix.pocket_wod:id/getStartedButton'.</msg>
<status status="PASS" starttime="20220407 09:28:42.832" endtime="20220407 09:28:43.091"/>
</kw>
<kw name="Wait Until Element Is Visible" library="AppiumLibrary">
<arg>${emailFieldAndroid}</arg>
<arg>timeout=30</arg>
<doc>Waits until element specified with `locator` is visible.</doc>
<status status="PASS" starttime="20220407 09:28:43.091" endtime="20220407 09:28:44.380"/>
</kw>
<kw name="Input Text" library="AppiumLibrary">
<arg>${emailFieldAndroid}</arg>
<arg>${testUserEmail}</arg>
<doc>Types the given `text` into text field identified by `locator`.</doc>
<msg timestamp="20220407 09:28:44.382" level="INFO">Typing text 'trifectatester2@gmail.com' into text field 'xpath=/hierarchy/android.widget.FrameLayout/android.widget.LinearLayout/android.widget.FrameLayout/android.widget.LinearLayout/android.widget.FrameLayout/android.widget.FrameLayout/android.view.ViewGroup/android.widget.FrameLayout/android.widget.ScrollView/android.widget.FrameLayout/android.widget.LinearLayout/android.view.ViewGroup[2]/android.view.ViewGroup/android.widget.EditText'</msg>
<status status="PASS" starttime="20220407 09:28:44.380" endtime="20220407 09:28:45.343"/>
</kw>
<kw name="Input Text" library="AppiumLibrary">
<arg>${passwordFieldAndroid}</arg>
<arg>${testUserPassword}</arg>
<doc>Types the given `text` into text field identified by `locator`.</doc>
<msg timestamp="20220407 09:28:45.346" level="INFO">Typing text 'tester123' into text field 'xpath=/hierarchy/android.widget.FrameLayout/android.widget.LinearLayout/android.widget.FrameLayout/android.widget.LinearLayout/android.widget.FrameLayout/android.widget.FrameLayout/android.view.ViewGroup/android.widget.FrameLayout/android.widget.ScrollView/android.widget.FrameLayout/android.widget.LinearLayout/android.view.ViewGroup[3]/android.view.ViewGroup/android.widget.EditText'</msg>
<status status="PASS" starttime="20220407 09:28:45.343" endtime="20220407 09:28:46.179"/>
</kw>
<kw name="Click Element" library="AppiumLibrary">
<arg>${signInBtnAndroid}</arg>
<doc>Click element identified by `locator`.</doc>
<msg timestamp="20220407 09:28:46.182" level="INFO">Clicking element 'id=com.n_ix.pocket_wod:id/signInButton'.</msg>
<status status="PASS" starttime="20220407 09:28:46.179" endtime="20220407 09:28:46.851"/>
</kw>
<status status="PASS" starttime="20220407 09:28:40.694" endtime="20220407 09:28:46.852"/>
</kw>
<status status="PASS" starttime="20220407 09:28:40.693" endtime="20220407 09:28:46.852"/>
</test>
<test id="s1-t3" name="Test Dashboard UI and Details Android">
<kw name="Open Shop Android" library="ShopResourcesAndroid">
<kw name="Wait Until Element Is Visible" library="AppiumLibrary">
<arg>${shopBtnAndroid}</arg>
<arg>timeout=30</arg>
<doc>Waits until element specified with `locator` is visible.</doc>
<status status="PASS" starttime="20220407 09:28:46.854" endtime="20220407 09:28:51.176"/>
</kw>
<kw name="Click Element" library="AppiumLibrary">
<arg>${shopBtnAndroid}</arg>
<doc>Click element identified by `locator`.</doc>
<msg timestamp="20220407 09:28:51.179" level="INFO">Clicking element 'id=com.n_ix.pocket_wod:id/shop'.</msg>
<status status="PASS" starttime="20220407 09:28:51.176" endtime="20220407 09:28:51.426"/>
</kw>
<status status="PASS" starttime="20220407 09:28:46.853" endtime="20220407 09:28:51.427"/>
</kw>
<kw name="Validadate Dashboard UI And Details Android" library="ShopResourcesAndroid">
<kw name="Wait Until Page Contains Element" library="AppiumLibrary">
<arg>${dashboardBtnAndroid}</arg>
<arg>timeout=30</arg>
<doc>Waits until element specified with `locator` appears on current page.</doc>
<status status="PASS" starttime="20220407 09:28:51.428" endtime="20220407 09:29:00.045"/>
</kw>
<kw name="Page Should Contain Element" library="AppiumLibrary">
<arg>${dashboardBtnAndroid}</arg>
<doc>Verifies that current page contains `locator` element.</doc>
<msg timestamp="20220407 09:29:00.606" level="INFO">Current page contains element 'xpath=//android.view.View[@content-desc="Dashboard"]/android.widget.TextView'.</msg>
<status status="PASS" starttime="20220407 09:29:00.046" endtime="20220407 09:29:00.606"/>
</kw>
<kw name="Wait Until Page Contains Element" library="AppiumLibrary">
<arg>${modifyBtnAndroid}</arg>
<arg>timeout=30</arg>
<doc>Waits until element specified with `locator` appears on current page.</doc>
<status status="PASS" starttime="20220407 09:29:00.606" endtime="20220407 09:29:01.007"/>
</kw>
<kw name="Page Should Contain Element" library="AppiumLibrary">
<arg>${modifyBtnAndroid}</arg>
<doc>Verifies that current page contains `locator` element.</doc>
<msg timestamp="20220407 09:29:01.317" level="INFO">Current page contains element 'xpath=/hierarchy/android.widget.FrameLayout/android.widget.LinearLayout/android.widget.FrameLayout/android.widget.LinearLayout/android.widget.FrameLayout/android.widget.LinearLayout/android.widget.FrameLayout/android.widget.FrameLayout/android.webkit.WebView/android.webkit.WebView/android.view.View/android.view.View/android.view.View/android.view.View[3]/android.widget.Button'.</msg>
<status status="PASS" starttime="20220407 09:29:01.007" endtime="20220407 09:29:01.317"/>
</kw>
<status status="PASS" starttime="20220407 09:28:51.427" endtime="20220407 09:29:01.317"/>
</kw>
<kw name="Close Shop Android" library="ShopResourcesAndroid">
<kw name="Wait Until Element Is Visible" library="AppiumLibrary">
<arg>${shopCloseBtnAndroid}</arg>
<doc>Waits until element specified with `locator` is visible.</doc>
<status status="PASS" starttime="20220407 09:29:01.318" endtime="20220407 09:29:01.695"/>
</kw>
<kw name="Click Element" library="AppiumLibrary">
<arg>${shopCloseBtnAndroid}</arg>
<doc>Click element identified by `locator`.</doc>
<msg timestamp="20220407 09:29:01.697" level="INFO">Clicking element 'id=com.n_ix.pocket_wod:id/closeButton'.</msg>
<status status="PASS" starttime="20220407 09:29:01.695" endtime="20220407 09:29:02.056"/>
</kw>
<status status="PASS" starttime="20220407 09:29:01.317" endtime="20220407 09:29:02.057"/>
</kw>
<status status="PASS" starttime="20220407 09:28:46.853" endtime="20220407 09:29:02.057"/>
</test>
<test id="s1-t4" name="Test Log Out Android">
<kw name="Log Out Android" library="AccountMgmtResourcesAndroid">
<kw name="Wait Until Element Is Visible" library="AppiumLibrary">
<arg>${mainMenuBtnAndroid}</arg>
<arg>timeout=5</arg>
<doc>Waits until element specified with `locator` is visible.</doc>
<status status="PASS" starttime="20220407 09:29:02.059" endtime="20220407 09:29:03.634"/>
</kw>
<kw name="Click Element" library="AppiumLibrary">
<arg>${mainMenuBtnAndroid}</arg>
<doc>Click element identified by `locator`.</doc>
<msg timestamp="20220407 09:29:03.637" level="INFO">Clicking element '//android.widget.ImageButton[@content-desc="Navigate up"]'.</msg>
<status status="PASS" starttime="20220407 09:29:03.634" endtime="20220407 09:29:04.061"/>
</kw>
<kw name="Wait Until Element Is Visible" library="AppiumLibrary">
<arg>${accountBtnAndroid}</arg>
<arg>timeout=5</arg>
<doc>Waits until element specified with `locator` is visible.</doc>
<status status="PASS" starttime="20220407 09:29:04.061" endtime="20220407 09:29:05.190"/>
</kw>
<kw name="Click Element" library="AppiumLibrary">
<arg>${accountBtnAndroid}</arg>
<doc>Click element identified by `locator`.</doc>
<msg timestamp="20220407 09:29:05.194" level="INFO">Clicking element 'id=com.n_ix.pocket_wod:id/valueTextView'.</msg>
<status status="PASS" starttime="20220407 09:29:05.190" endtime="20220407 09:29:05.566"/>
</kw>
<kw name="Wait Until Element Is Visible" library="AppiumLibrary">
<arg>${logoutBtnAndroid}</arg>
<arg>timeout=5</arg>
<doc>Waits until element specified with `locator` is visible.</doc>
<status status="PASS" starttime="20220407 09:29:05.566" endtime="20220407 09:29:06.656"/>
</kw>
<kw name="Click Element" library="AppiumLibrary">
<arg>${logoutBtnAndroid}</arg>
<doc>Click element identified by `locator`.</doc>
<msg timestamp="20220407 09:29:06.660" level="INFO">Clicking element 'id=com.n_ix.pocket_wod:id/logoutBtn'.</msg>
<status status="PASS" starttime="20220407 09:29:06.657" endtime="20220407 09:29:06.966"/>
</kw>
<status status="PASS" starttime="20220407 09:29:02.058" endtime="20220407 09:29:06.966"/>
</kw>
<status status="PASS" starttime="20220407 09:29:02.058" endtime="20220407 09:29:06.966"/>
</test>
<status status="PASS" starttime="20220407 09:28:18.294" endtime="20220407 09:29:06.967"/>
</suite>
<statistics>
<total>
<stat pass="4" fail="0" skip="0">All Tests</stat>
</total>
<tag>
</tag>
<suite>
<stat pass="4" fail="0" skip="0" id="s1" name="SystemSmokeTestAndroid">SystemSmokeTestAndroid</stat>
</suite>
</statistics>
<errors>
</errors>
</robot>
