<?xml version="1.0" encoding="UTF-8"?>
<robot generator="Robot 4.1.3 (Python 3.9.0 on darwin)" generated="20220407 09:40:58.401" rpa="false" schemaversion="2">
<suite id="s1" name="SystemSmokeTestiOS" source="/Users/ivan.wize/Desktop/Projects/base-test-automation/iOS/Test/System/SystemSmokeTestiOS.robot">
<test id="s1-t1" name="Test Launch Trifecta Application">
<kw name="Open Application" library="AppiumLibrary">
<arg>remote_url=http://hub-cloud.browserstack.com/wd/hub</arg>
<arg>browserstack.user=tylerthomas6</arg>
<arg>browserstack.key=FQtVoY5xMMxVa9bh1c1Z</arg>
<arg>app=bs://362fd79ea6457c0bbd9feb481bfe4ec65dbbc2d7</arg>
<arg>device=iPhone 13</arg>
<arg>os_version=15</arg>
<arg>project=iOS System Smoke Test</arg>
<arg>build=iOS</arg>
<arg>name=iOS_System_Smoke_Test</arg>
<arg>browserstack.idleTimeout=5</arg>
<doc>Opens a new application to given Appium server.
Capabilities of appium server, Android and iOS,
Please check https://github.com/appium/appium/blob/master/docs/en/writing-running-appium/server-args.md
| *Option*            | *Man.* | *Description*     |
| remote_url          | Yes    | Appium server url |
| alias               | no     | alias             |</doc>
<status status="PASS" starttime="20220407 09:40:58.532" endtime="20220407 09:41:31.316"/>
</kw>
<status status="PASS" starttime="20220407 09:40:58.532" endtime="20220407 09:41:31.316"/>
</test>
<test id="s1-t2" name="Test Sign In As Existing User iOS">
<kw name="Check Data Alert iOS" library="AuthenticationResourcesiOS">
<kw name="Sleep" library="BuiltIn">
<arg>3</arg>
<doc>Pauses the test executed for the given time.</doc>
<msg timestamp="20220407 09:41:34.318" level="INFO">Slept 3 seconds</msg>
<status status="PASS" starttime="20220407 09:41:31.317" endtime="20220407 09:41:34.319"/>
</kw>
<kw name="Run Keyword And Return Status" library="BuiltIn">
<var>${alertiOS}</var>
<arg>Page Should Not Contain Element</arg>
<arg>${allowBtniOS}</arg>
<arg>timeout=10</arg>
<doc>Runs the given keyword with given arguments and returns the status as a Boolean value.</doc>
<kw name="Page Should Not Contain Element" library="AppiumLibrary">
<arg>${allowBtniOS}</arg>
<arg>timeout=10</arg>
<doc>Verifies that current page not contains `locator` element.</doc>
<kw name="Capture Page Screenshot" library="AppiumLibrary">
<doc>Takes a screenshot of the current page and embeds it into the log.</doc>
<msg timestamp="20220407 09:41:35.859" level="INFO" html="true">&lt;/td&gt;&lt;/tr&gt;&lt;tr&gt;&lt;td colspan="3"&gt;&lt;a href="appium-screenshot-1.png"&gt;&lt;img src="appium-screenshot-1.png" width="800px"&gt;&lt;/a&gt;</msg>
<status status="PASS" starttime="20220407 09:41:34.946" endtime="20220407 09:41:35.859"/>
</kw>
<msg timestamp="20220407 09:41:35.860" level="FAIL">Page should not have contained element 'xpath=//XCUIElementTypeButton[@name="Allow"]'</msg>
<status status="FAIL" starttime="20220407 09:41:34.319" endtime="20220407 09:41:35.860"/>
</kw>
<msg timestamp="20220407 09:41:35.860" level="INFO">${alertiOS} = False</msg>
<status status="PASS" starttime="20220407 09:41:34.319" endtime="20220407 09:41:35.860"/>
</kw>
<kw name="Run Keyword If" library="BuiltIn">
<arg>'${alertiOS}' == 'False'</arg>
<arg>Click Element</arg>
<arg>${allowBtniOS}</arg>
<doc>Runs the given keyword with the given arguments, if ``condition`` is true.</doc>
<kw name="Click Element" library="AppiumLibrary">
<arg>${allowBtniOS}</arg>
<doc>Click element identified by `locator`.</doc>
<msg timestamp="20220407 09:41:35.863" level="INFO">Clicking element 'xpath=//XCUIElementTypeButton[@name="Allow"]'.</msg>
<status status="PASS" starttime="20220407 09:41:35.861" endtime="20220407 09:41:37.148"/>
</kw>
<status status="PASS" starttime="20220407 09:41:35.860" endtime="20220407 09:41:37.148"/>
</kw>
<status status="PASS" starttime="20220407 09:41:31.317" endtime="20220407 09:41:37.148"/>
</kw>
<kw name="Sign In As Existing User iOS" library="AuthenticationResourcesiOS">
<kw name="Wait Until Element Is Visible" library="AppiumLibrary">
<arg>${getStartedBtniOS}</arg>
<arg>timeout=30</arg>
<doc>Waits until element specified with `locator` is visible.</doc>
<status status="PASS" starttime="20220407 09:41:37.149" endtime="20220407 09:41:37.493"/>
</kw>
<kw name="Click Element" library="AppiumLibrary">
<arg>${getStartedBtniOS}</arg>
<doc>Click element identified by `locator`.</doc>
<msg timestamp="20220407 09:41:37.496" level="INFO">Clicking element 'xpath=//XCUIElementTypeButton[@name="Get Started"]'.</msg>
<status status="PASS" starttime="20220407 09:41:37.493" endtime="20220407 09:41:37.968"/>
</kw>
<kw name="Wait Until Element Is Visible" library="AppiumLibrary">
<arg>${emailFieldiOS}</arg>
<arg>timeout=30</arg>
<doc>Waits until element specified with `locator` is visible.</doc>
<status status="PASS" starttime="20220407 09:41:37.968" endtime="20220407 09:41:38.907"/>
</kw>
<kw name="Input Text" library="AppiumLibrary">
<arg>${emailFieldiOS}</arg>
<arg>${testUserEmail}</arg>
<doc>Types the given `text` into text field identified by `locator`.</doc>
<msg timestamp="20220407 09:41:38.911" level="INFO">Typing text 'trifectatester2@gmail.com' into text field 'xpath=//XCUIElementTypeOther[@name="AuthenticationViewController"]/XCUIElementTypeScrollView/XCUIElementTypeOther[1]/XCUIElementTypeOther/XCUIElementTypeTextField'</msg>
<status status="PASS" starttime="20220407 09:41:38.907" endtime="20220407 09:41:40.246"/>
</kw>
<kw name="Input Text" library="AppiumLibrary">
<arg>${passwordFieldiOS}</arg>
<arg>${testUserPassword}</arg>
<doc>Types the given `text` into text field identified by `locator`.</doc>
<msg timestamp="20220407 09:41:40.249" level="INFO">Typing text 'tester123' into text field 'xpath=//XCUIElementTypeOther[@name="AuthenticationViewController"]/XCUIElementTypeScrollView/XCUIElementTypeOther[1]/XCUIElementTypeOther/XCUIElementTypeSecureTextField'</msg>
<status status="PASS" starttime="20220407 09:41:40.247" endtime="20220407 09:41:41.164"/>
</kw>
<kw name="Click Element" library="AppiumLibrary">
<arg>${signInBtniOS}</arg>
<doc>Click element identified by `locator`.</doc>
<msg timestamp="20220407 09:41:41.167" level="INFO">Clicking element 'xpath=//XCUIElementTypeButton[@name="Sign in"]'.</msg>
<status status="PASS" starttime="20220407 09:41:41.164" endtime="20220407 09:41:42.092"/>
</kw>
<status status="PASS" starttime="20220407 09:41:37.148" endtime="20220407 09:41:42.092"/>
</kw>
<kw name="Check Notifications Alert iOS" library="AuthenticationResourcesiOS">
<kw name="Sleep" library="BuiltIn">
<arg>3</arg>
<doc>Pauses the test executed for the given time.</doc>
<msg timestamp="20220407 09:41:45.094" level="INFO">Slept 3 seconds</msg>
<status status="PASS" starttime="20220407 09:41:42.093" endtime="20220407 09:41:45.094"/>
</kw>
<kw name="Run Keyword And Return Status" library="BuiltIn">
<var>${alert2iOS}</var>
<arg>Page Should Not Contain Element</arg>
<arg>${allowBtniOS}</arg>
<arg>timeout=10</arg>
<doc>Runs the given keyword with given arguments and returns the status as a Boolean value.</doc>
<kw name="Page Should Not Contain Element" library="AppiumLibrary">
<arg>${allowBtniOS}</arg>
<arg>timeout=10</arg>
<doc>Verifies that current page not contains `locator` element.</doc>
<kw name="Capture Page Screenshot" library="AppiumLibrary">
<doc>Takes a screenshot of the current page and embeds it into the log.</doc>
<msg timestamp="20220407 09:41:46.472" level="INFO" html="true">&lt;/td&gt;&lt;/tr&gt;&lt;tr&gt;&lt;td colspan="3"&gt;&lt;a href="appium-screenshot-2.png"&gt;&lt;img src="appium-screenshot-2.png" width="800px"&gt;&lt;/a&gt;</msg>
<status status="PASS" starttime="20220407 09:41:45.579" endtime="20220407 09:41:46.473"/>
</kw>
<msg timestamp="20220407 09:41:46.473" level="FAIL">Page should not have contained element 'xpath=//XCUIElementTypeButton[@name="Allow"]'</msg>
<status status="FAIL" starttime="20220407 09:41:45.095" endtime="20220407 09:41:46.473"/>
</kw>
<msg timestamp="20220407 09:41:46.473" level="INFO">${alert2iOS} = False</msg>
<status status="PASS" starttime="20220407 09:41:45.094" endtime="20220407 09:41:46.473"/>
</kw>
<kw name="Run Keyword If" library="BuiltIn">
<arg>'${alert2iOS}' == 'False'</arg>
<arg>Click Element</arg>
<arg>${allowBtniOS}</arg>
<doc>Runs the given keyword with the given arguments, if ``condition`` is true.</doc>
<kw name="Click Element" library="AppiumLibrary">
<arg>${allowBtniOS}</arg>
<doc>Click element identified by `locator`.</doc>
<msg timestamp="20220407 09:41:46.477" level="INFO">Clicking element 'xpath=//XCUIElementTypeButton[@name="Allow"]'.</msg>
<status status="PASS" starttime="20220407 09:41:46.474" endtime="20220407 09:41:47.931"/>
</kw>
<status status="PASS" starttime="20220407 09:41:46.474" endtime="20220407 09:41:47.932"/>
</kw>
<status status="PASS" starttime="20220407 09:41:42.092" endtime="20220407 09:41:47.932"/>
</kw>
<status status="PASS" starttime="20220407 09:41:31.316" endtime="20220407 09:41:47.932"/>
</test>
<test id="s1-t3" name="Test Dashboard UI And Details iOS">
<kw name="Open Shop iOS" library="ShopResourcesiOS">
<kw name="Wait Until Element Is Visible" library="AppiumLibrary">
<arg>${shopBtniOS}</arg>
<arg>timeout=30</arg>
<doc>Waits until element specified with `locator` is visible.</doc>
<status status="PASS" starttime="20220407 09:41:47.934" endtime="20220407 09:41:48.470"/>
</kw>
<kw name="Click Element" library="AppiumLibrary">
<arg>${shopBtniOS}</arg>
<doc>Click element identified by `locator`.</doc>
<msg timestamp="20220407 09:41:48.473" level="INFO">Clicking element 'xpath=//XCUIElementTypeButton[@name="Shop"]'.</msg>
<status status="PASS" starttime="20220407 09:41:48.470" endtime="20220407 09:41:49.083"/>
</kw>
<status status="PASS" starttime="20220407 09:41:47.933" endtime="20220407 09:41:49.083"/>
</kw>
<kw name="Validate Dashboard UI And Details iOS" library="ShopResourcesiOS">
<kw name="Wait Until Page Contains Element" library="AppiumLibrary">
<arg>${currentSubscriptionTxtiOS}</arg>
<arg>timeout=30</arg>
<doc>Waits until element specified with `locator` appears on current page.</doc>
<status status="PASS" starttime="20220407 09:41:49.084" endtime="20220407 09:41:55.473"/>
</kw>
<kw name="Page Should Contain Element" library="AppiumLibrary">
<arg>${currentSubscriptionTxtiOS}</arg>
<doc>Verifies that current page contains `locator` element.</doc>
<msg timestamp="20220407 09:41:56.078" level="INFO">Current page contains element 'xpath=//XCUIElementTypeOther[@name="Current Subscription"]'.</msg>
<status status="PASS" starttime="20220407 09:41:55.473" endtime="20220407 09:41:56.078"/>
</kw>
<kw name="Wait Until Page Contains Element" library="AppiumLibrary">
<arg>${nextDeliveryTxtiOS}</arg>
<arg>timeout=30</arg>
<doc>Waits until element specified with `locator` appears on current page.</doc>
<status status="PASS" starttime="20220407 09:41:56.079" endtime="20220407 09:41:56.915"/>
</kw>
<kw name="Page Should Contain Element" library="AppiumLibrary">
<arg>${nextDeliveryTxtiOS}</arg>
<doc>Verifies that current page contains `locator` element.</doc>
<msg timestamp="20220407 09:41:57.636" level="INFO">Current page contains element 'xpath=//XCUIElementTypeStaticText[@name="Next Delivery"]'.</msg>
<status status="PASS" starttime="20220407 09:41:56.916" endtime="20220407 09:41:57.637"/>
</kw>
<kw name="Wait Until Page Contains Element" library="AppiumLibrary">
<arg>${faqTxtiOS}</arg>
<arg>timeout=30</arg>
<doc>Waits until element specified with `locator` appears on current page.</doc>
<status status="PASS" starttime="20220407 09:41:57.637" endtime="20220407 09:41:58.357"/>
</kw>
<kw name="Page Should Contain Element" library="AppiumLibrary">
<arg>${faqTxtiOS}</arg>
<doc>Verifies that current page contains `locator` element.</doc>
<msg timestamp="20220407 09:41:59.041" level="INFO">Current page contains element 'xpath=//XCUIElementTypeStaticText[@name="Frequently Asked Questions"]'.</msg>
<status status="PASS" starttime="20220407 09:41:58.357" endtime="20220407 09:41:59.041"/>
</kw>
<kw name="Wait Until Page Contains Element" library="AppiumLibrary">
<arg>${subscriptionDetailsTxtiOS}</arg>
<arg>timeout=30</arg>
<doc>Waits until element specified with `locator` appears on current page.</doc>
<status status="PASS" starttime="20220407 09:41:59.041" endtime="20220407 09:41:59.618"/>
</kw>
<kw name="Page Should Contain Element" library="AppiumLibrary">
<arg>${subscriptionDetailsTxtiOS}</arg>
<doc>Verifies that current page contains `locator` element.</doc>
<msg timestamp="20220407 09:42:00.194" level="INFO">Current page contains element 'xpath=//XCUIElementTypeStaticText[@name="Subscription Details"]'.</msg>
<status status="PASS" starttime="20220407 09:41:59.618" endtime="20220407 09:42:00.195"/>
</kw>
<status status="PASS" starttime="20220407 09:41:49.083" endtime="20220407 09:42:00.195"/>
</kw>
<kw name="Close Shop iOS" library="ShopResourcesiOS">
<kw name="Wait Until Element Is Visible" library="AppiumLibrary">
<arg>${shopCloseBtniOS}</arg>
<doc>Waits until element specified with `locator` is visible.</doc>
<status status="PASS" starttime="20220407 09:42:00.196" endtime="20220407 09:42:00.925"/>
</kw>
<kw name="Click Element" library="AppiumLibrary">
<arg>${shopCloseBtniOS}</arg>
<doc>Click element identified by `locator`.</doc>
<msg timestamp="20220407 09:42:00.929" level="INFO">Clicking element 'xpath=//XCUIElementTypeButton[@name="ic sideMenu close"]'.</msg>
<status status="PASS" starttime="20220407 09:42:00.926" endtime="20220407 09:42:02.085"/>
</kw>
<status status="PASS" starttime="20220407 09:42:00.195" endtime="20220407 09:42:02.085"/>
</kw>
<status status="PASS" starttime="20220407 09:41:47.933" endtime="20220407 09:42:02.086"/>
</test>
<test id="s1-t4" name="Test Log Out iOS">
<kw name="Log Out iOS" library="AccountMgmtResourcesiOS">
<kw name="Wait Until Element Is Visible" library="AppiumLibrary">
<arg>${mainMenuBtniOS}</arg>
<arg>timeout=30</arg>
<doc>Waits until element specified with `locator` is visible.</doc>
<status status="PASS" starttime="20220407 09:42:02.087" endtime="20220407 09:42:02.938"/>
</kw>
<kw name="Click Element" library="AppiumLibrary">
<arg>${mainMenuBtniOS}</arg>
<doc>Click element identified by `locator`.</doc>
<msg timestamp="20220407 09:42:02.942" level="INFO">Clicking element 'xpath=//XCUIElementTypeButton[@name="ic side menu"]'.</msg>
<status status="PASS" starttime="20220407 09:42:02.938" endtime="20220407 09:42:03.585"/>
</kw>
<kw name="Scroll Down" library="AppiumLibrary">
<arg>${logoutBtniOS}</arg>
<doc>Scrolls down to element</doc>
<status status="PASS" starttime="20220407 09:42:03.585" endtime="20220407 09:42:08.645"/>
</kw>
<kw name="Click Element" library="AppiumLibrary">
<arg>${logoutBtniOS}</arg>
<doc>Click element identified by `locator`.</doc>
<msg timestamp="20220407 09:42:08.647" level="INFO">Clicking element 'xpath=//XCUIElementTypeButton[@name="Logout"]'.</msg>
<status status="PASS" starttime="20220407 09:42:08.645" endtime="20220407 09:42:09.691"/>
</kw>
<status status="PASS" starttime="20220407 09:42:02.087" endtime="20220407 09:42:09.692"/>
</kw>
<status status="PASS" starttime="20220407 09:42:02.086" endtime="20220407 09:42:09.692"/>
</test>
<status status="PASS" starttime="20220407 09:40:58.402" endtime="20220407 09:42:09.693"/>
</suite>
<statistics>
<total>
<stat pass="4" fail="0" skip="0">All Tests</stat>
</total>
<tag>
</tag>
<suite>
<stat pass="4" fail="0" skip="0" id="s1" name="SystemSmokeTestiOS">SystemSmokeTestiOS</stat>
</suite>
</statistics>
<errors>
</errors>
</robot>
